\BOOKMARK [0][-]{chapter.1}{\376\377\0001\000\040\000I\000n\000t\000r\000o\000d\000u\000c\000t\000i\000o\000n}{}% 1
\BOOKMARK [1][-]{section.1.1}{\376\377\0001\000.\0001\000\040\000R\000e\000s\000e\000r\000v\000e\000d\000\040\000W\000o\000r\000d\000s}{chapter.1}% 2
\BOOKMARK [0][-]{chapter.2}{\376\377\0002\000\040\000T\000y\000p\000e\000s}{}% 3
\BOOKMARK [1][-]{section.2.1}{\376\377\0002\000.\0001\000\040\000I\000n\000t\000e\000g\000e\000r\000s}{chapter.2}% 4
\BOOKMARK [2][-]{subsection.2.1.1}{\376\377\0002\000.\0001\000.\0001\000\040\000U\000n\000s\000i\000g\000n\000e\000d}{section.2.1}% 5
\BOOKMARK [1][-]{section.2.2}{\376\377\0002\000.\0002\000\040\000F\000l\000o\000a\000t\000s}{chapter.2}% 6
\BOOKMARK [1][-]{section.2.3}{\376\377\0002\000.\0003\000\040\000B\000o\000o\000l\000e\000a\000n}{chapter.2}% 7
\BOOKMARK [1][-]{section.2.4}{\376\377\0002\000.\0004\000\040\000S\000t\000r\000i\000n\000g\000s}{chapter.2}% 8
\BOOKMARK [1][-]{section.2.5}{\376\377\0002\000.\0005\000\040\000N\000u\000l\000l}{chapter.2}% 9
\BOOKMARK [1][-]{section.2.6}{\376\377\0002\000.\0006\000\040\000O\000t\000h\000e\000r\000s}{chapter.2}% 10
\BOOKMARK [0][-]{chapter.3}{\376\377\0003\000\040\000E\000x\000p\000r\000e\000s\000s\000i\000o\000n\000s}{}% 11
\BOOKMARK [1][-]{section.3.1}{\376\377\0003\000.\0001\000\040\000M\000a\000t\000h}{chapter.3}% 12
\BOOKMARK [2][-]{subsection.3.1.1}{\376\377\0003\000.\0001\000.\0001\000\040\000O\000p\000e\000r\000a\000t\000o\000r\000s}{section.3.1}% 13
\BOOKMARK [1][-]{section.3.2}{\376\377\0003\000.\0002\000\040\000L\000o\000g\000i\000c}{chapter.3}% 14
\BOOKMARK [2][-]{subsection.3.2.1}{\376\377\0003\000.\0002\000.\0001\000\040\000O\000p\000e\000r\000a\000t\000o\000r\000s}{section.3.2}% 15
\BOOKMARK [1][-]{section.3.3}{\376\377\0003\000.\0003\000\040\000C\000o\000n\000c\000a\000t\000e\000n\000a\000t\000i\000o\000n}{chapter.3}% 16
\BOOKMARK [2][-]{subsection.3.3.1}{\376\377\0003\000.\0003\000.\0001\000\040\000O\000p\000e\000r\000a\000t\000o\000r\000s}{section.3.3}% 17
\BOOKMARK [0][-]{chapter.4}{\376\377\0004\000\040\000C\000o\000n\000t\000a\000i\000n\000e\000r\000s}{}% 18
\BOOKMARK [1][-]{section.4.1}{\376\377\0004\000.\0001\000\040\000A\000r\000r\000a\000y\000s}{chapter.4}% 19
\BOOKMARK [1][-]{section.4.2}{\376\377\0004\000.\0002\000\040\000V\000e\000c\000t\000o\000r\000s}{chapter.4}% 20
\BOOKMARK [1][-]{section.4.3}{\376\377\0004\000.\0003\000\040\000S\000e\000t\000s}{chapter.4}% 21
\BOOKMARK [1][-]{section.4.4}{\376\377\0004\000.\0004\000\040\000T\000u\000p\000l\000e\000s}{chapter.4}% 22
\BOOKMARK [1][-]{section.4.5}{\376\377\0004\000.\0005\000\040\000D\000i\000c\000t\000i\000o\000n\000a\000r\000i\000e\000s}{chapter.4}% 23
\BOOKMARK [1][-]{section.4.6}{\376\377\0004\000.\0006\000\040\000O\000t\000h\000e\000r\000s}{chapter.4}% 24
\BOOKMARK [0][-]{chapter.5}{\376\377\0005\000\040\000F\000l\000o\000w\000\040\000C\000o\000n\000t\000r\000o\000l}{}% 25
\BOOKMARK [1][-]{section.5.1}{\376\377\0005\000.\0001\000\040\000C\000o\000n\000d\000i\000t\000i\000o\000n\000s}{chapter.5}% 26
\BOOKMARK [2][-]{subsection.5.1.1}{\376\377\0005\000.\0001\000.\0001\000\040\000C\000o\000n\000d\000i\000t\000i\000o\000n\000a\000l\000s}{section.5.1}% 27
\BOOKMARK [2][-]{subsection.5.1.2}{\376\377\0005\000.\0001\000.\0002\000\040\000L\000o\000o\000p\000s}{section.5.1}% 28
\BOOKMARK [1][-]{section.5.2}{\376\377\0005\000.\0002\000\040\000T\000r\000a\000v\000e\000r\000s\000a\000l}{chapter.5}% 29
\BOOKMARK [0][-]{chapter.6}{\376\377\0006\000\040\000F\000u\000n\000c\000t\000i\000o\000n\000s}{}% 30
\BOOKMARK [1][-]{section.6.1}{\376\377\0006\000.\0001\000\040\000C\000a\000l\000l\000i\000n\000g\000\040\000a\000\040\000F\000u\000n\000c\000t\000i\000o\000n}{chapter.6}% 31
\BOOKMARK [1][-]{section.6.2}{\376\377\0006\000.\0002\000\040\000D\000e\000c\000l\000a\000r\000i\000n\000g\000\040\000a\000\040\000F\000u\000n\000c\000t\000i\000o\000n}{chapter.6}% 32
\BOOKMARK [1][-]{section.6.3}{\376\377\0006\000.\0003\000\040\000R\000e\000t\000u\000r\000n}{chapter.6}% 33
\BOOKMARK [1][-]{section.6.4}{\376\377\0006\000.\0004\000\040\000U\000s\000e\000d\000\040\000i\000n\000\040\000E\000x\000p\000r\000e\000s\000s\000i\000o\000n\000s}{chapter.6}% 34
\BOOKMARK [1][-]{section.6.5}{\376\377\0006\000.\0005\000\040\000B\000u\000i\000l\000t\000-\000i\000n}{chapter.6}% 35
\BOOKMARK [1][-]{section.6.6}{\376\377\0006\000.\0006\000\040\000N\000e\000s\000t\000e\000d}{chapter.6}% 36
\BOOKMARK [0][-]{chapter.7}{\376\377\0007\000\040\000E\000x\000c\000e\000p\000t\000i\000o\000n\000s}{}% 37
\BOOKMARK [1][-]{section.7.1}{\376\377\0007\000.\0001\000\040\000T\000h\000r\000o\000w}{chapter.7}% 38
\BOOKMARK [1][-]{section.7.2}{\376\377\0007\000.\0002\000\040\000T\000r\000y}{chapter.7}% 39
\BOOKMARK [1][-]{section.7.3}{\376\377\0007\000.\0003\000\040\000C\000a\000t\000c\000h}{chapter.7}% 40
\BOOKMARK [0][-]{chapter.8}{\376\377\0008\000\040\000S\000t\000y\000l\000e}{}% 41
\BOOKMARK [1][-]{section.8.1}{\376\377\0008\000.\0001\000\040\000C\000o\000m\000m\000e\000n\000t\000s}{chapter.8}% 42
\BOOKMARK [1][-]{section.8.2}{\376\377\0008\000.\0002\000\040\000S\000t\000a\000t\000e\000m\000e\000n\000t\000s}{chapter.8}% 43
\BOOKMARK [1][-]{section.8.3}{\376\377\0008\000.\0003\000\040\000B\000l\000o\000c\000k\000s}{chapter.8}% 44
